 BELLHOP/BELLHOP3D

 BELLHOP- Acoustic Calculation                                                   
 frequency =   100.0     Hz

 Dummy parameter NMedia =            1

     Quad approximation to SSP
     Attenuation units: dB/wavelength
     THORP volume attenuation added
     VACUUM

 Depth =    3462.00 m

 Sound speed profile:
   z (m)     alphaR (m/s)   betaR  rho (g/cm^3)  alphaI     betaI

      0.00      1542.29      0.00     1.00       0.0000    0.0000
      5.00      1542.35      0.00     1.00       0.0000    0.0000
     10.00      1542.45      0.00     1.00       0.0000    0.0000
     15.00      1542.44      0.00     1.00       0.0000    0.0000
     20.00      1542.27      0.00     1.00       0.0000    0.0000
     25.00      1541.90      0.00     1.00       0.0000    0.0000
     30.00      1541.49      0.00     1.00       0.0000    0.0000
     35.00      1540.72      0.00     1.00       0.0000    0.0000
     40.00      1539.54      0.00     1.00       0.0000    0.0000
     45.00      1537.72      0.00     1.00       0.0000    0.0000
     50.00      1535.88      0.00     1.00       0.0000    0.0000
     55.00      1534.34      0.00     1.00       0.0000    0.0000
     60.00      1532.48      0.00     1.00       0.0000    0.0000
     65.00      1530.91      0.00     1.00       0.0000    0.0000
     70.00      1529.66      0.00     1.00       0.0000    0.0000
     75.00      1528.43      0.00     1.00       0.0000    0.0000
     80.00      1527.36      0.00     1.00       0.0000    0.0000
     85.00      1525.84      0.00     1.00       0.0000    0.0000
     90.00      1524.61      0.00     1.00       0.0000    0.0000
     95.00      1523.59      0.00     1.00       0.0000    0.0000
    100.00      1522.76      0.00     1.00       0.0000    0.0000
    125.00      1518.41      0.00     1.00       0.0000    0.0000
    150.00      1514.66      0.00     1.00       0.0000    0.0000
    175.00      1511.64      0.00     1.00       0.0000    0.0000
    200.00      1508.57      0.00     1.00       0.0000    0.0000
    225.00      1506.31      0.00     1.00       0.0000    0.0000
    250.00      1503.93      0.00     1.00       0.0000    0.0000
    275.00      1501.73      0.00     1.00       0.0000    0.0000
    300.00      1500.09      0.00     1.00       0.0000    0.0000
    325.00      1498.56      0.00     1.00       0.0000    0.0000
    350.00      1497.10      0.00     1.00       0.0000    0.0000
    375.00      1496.10      0.00     1.00       0.0000    0.0000
    400.00      1495.23      0.00     1.00       0.0000    0.0000
    425.00      1494.18      0.00     1.00       0.0000    0.0000
    450.00      1493.33      0.00     1.00       0.0000    0.0000
    475.00      1492.53      0.00     1.00       0.0000    0.0000
    500.00      1491.66      0.00     1.00       0.0000    0.0000
    550.00      1490.33      0.00     1.00       0.0000    0.0000
    600.00      1489.48      0.00     1.00       0.0000    0.0000
    650.00      1488.91      0.00     1.00       0.0000    0.0000
    700.00      1488.19      0.00     1.00       0.0000    0.0000
    750.00      1487.51      0.00     1.00       0.0000    0.0000
    800.00      1486.74      0.00     1.00       0.0000    0.0000
    850.00      1486.02      0.00     1.00       0.0000    0.0000
    900.00      1485.32      0.00     1.00       0.0000    0.0000
    950.00      1484.93      0.00     1.00       0.0000    0.0000
   1000.00      1484.78      0.00     1.00       0.0000    0.0000
   1050.00      1484.72      0.00     1.00       0.0000    0.0000
   1100.00      1484.61      0.00     1.00       0.0000    0.0000
   1150.00      1484.65      0.00     1.00       0.0000    0.0000
   1200.00      1484.94      0.00     1.00       0.0000    0.0000
   1250.00      1484.50      0.00     1.00       0.0000    0.0000
   1300.00      1485.36      0.00     1.00       0.0000    0.0000
   1350.00      1486.02      0.00     1.00       0.0000    0.0000
   1400.00      1486.33      0.00     1.00       0.0000    0.0000
   1450.00      1486.25      0.00     1.00       0.0000    0.0000
   1500.00      1486.93      0.00     1.00       0.0000    0.0000
   1550.00      1487.57      0.00     1.00       0.0000    0.0000
   1600.00      1488.23      0.00     1.00       0.0000    0.0000
   1650.00      1488.83      0.00     1.00       0.0000    0.0000
   1700.00      1489.52      0.00     1.00       0.0000    0.0000
   1750.00      1490.20      0.00     1.00       0.0000    0.0000
   1800.00      1490.89      0.00     1.00       0.0000    0.0000
   1850.00      1491.62      0.00     1.00       0.0000    0.0000
   1900.00      1492.33      0.00     1.00       0.0000    0.0000
   1950.00      1493.08      0.00     1.00       0.0000    0.0000
   2000.00      1493.90      0.00     1.00       0.0000    0.0000
   2100.00      1495.37      0.00     1.00       0.0000    0.0000
   2200.00      1496.95      0.00     1.00       0.0000    0.0000
   2300.00      1498.51      0.00     1.00       0.0000    0.0000
   2400.00      1500.21      0.00     1.00       0.0000    0.0000
   2500.00      1501.84      0.00     1.00       0.0000    0.0000
   2600.00      1503.49      0.00     1.00       0.0000    0.0000
   2700.00      1505.22      0.00     1.00       0.0000    0.0000
   2800.00      1506.87      0.00     1.00       0.0000    0.0000
   2900.00      1508.61      0.00     1.00       0.0000    0.0000
   3000.00      1510.39      0.00     1.00       0.0000    0.0000
   3100.00      1512.01      0.00     1.00       0.0000    0.0000
   3200.00      1513.70      0.00     1.00       0.0000    0.0000
   3300.00      1515.37      0.00     1.00       0.0000    0.0000
   3400.00      1517.09      0.00     1.00       0.0000    0.0000
   3462.00      1518.14      0.00     1.00       0.0000    0.0000
 __________________________________________________________________________

 Using range-dependent sound speed
 Number of SSP ranges =           13

 Profile ranges (km):
    -13.00
      0.00
      1.00
      2.00
      3.00
      4.00
      5.00
      6.00
      7.00
      8.00
      9.00
     10.00
     13.00

 Sound speed matrix:
  Depth (m )     Soundspeed (m/s)
      0.00   1542.30   1542.30   1542.30   1542.30   1542.30   1542.30   1542.30   1542.30   1542.30   1542.30   1542.30
   1542.30   1542.30
      5.00   1542.30   1542.30   1542.30   1542.30   1542.30   1542.30   1542.30   1542.30   1542.30   1542.30   1542.30
   1542.30   1542.30
     10.00   1542.40   1542.40   1542.40   1542.40   1542.40   1542.40   1542.40   1542.40   1542.40   1542.40   1542.40
   1542.40   1542.40
     15.00   1542.40   1542.40   1542.40   1542.40   1542.40   1542.40   1542.40   1542.40   1542.40   1542.40   1542.40
   1542.40   1542.40
     20.00   1542.30   1542.30   1542.30   1542.30   1542.30   1542.30   1542.30   1542.30   1542.30   1542.30   1542.30
   1542.30   1542.30
     25.00   1541.90   1541.90   1541.90   1541.90   1541.90   1541.90   1541.90   1541.90   1541.90   1541.90   1541.90
   1541.90   1541.90
     30.00   1541.50   1541.50   1541.50   1541.50   1541.50   1541.50   1541.50   1541.50   1541.50   1541.50   1541.50
   1541.50   1541.50
     35.00   1540.70   1540.70   1540.70   1540.70   1540.70   1540.70   1540.70   1540.70   1540.70   1540.70   1540.70
   1540.70   1540.70
     40.00   1539.50   1539.50   1539.50   1539.50   1539.50   1539.50   1539.50   1539.50   1539.50   1539.50   1539.50
   1539.50   1539.50
     45.00   1537.70   1537.70   1537.70   1537.70   1537.70   1537.70   1537.70   1537.70   1537.70   1537.70   1537.70
   1537.70   1537.70
     50.00   1535.90   1535.90   1535.90   1535.90   1535.90   1535.90   1535.90   1535.90   1535.90   1535.90   1535.90
   1535.90   1535.90
     55.00   1534.30   1534.30   1534.30   1534.30   1534.30   1534.30   1534.30   1534.30   1534.30   1534.30   1534.30
   1534.30   1534.30
     60.00   1532.50   1532.50   1532.50   1532.50   1532.50   1532.50   1532.50   1532.50   1532.50   1532.50   1532.50
   1532.50   1532.50
     65.00   1530.90   1530.90   1530.90   1530.90   1530.90   1530.90   1530.90   1530.90   1530.90   1530.90   1530.90
   1530.90   1530.90
     70.00   1529.70   1529.70   1529.70   1529.70   1529.70   1529.70   1529.70   1529.70   1529.70   1529.70   1529.70
   1529.70   1529.70
     75.00   1528.40   1528.40   1528.40   1528.40   1528.40   1528.40   1528.40   1528.40   1528.40   1528.40   1528.40
   1528.40   1528.40
     80.00   1527.40   1527.40   1527.40   1527.40   1527.40   1527.40   1527.40   1527.40   1527.40   1527.40   1527.40
   1527.40   1527.40
     85.00   1525.80   1525.80   1525.80   1525.80   1525.80   1525.80   1525.80   1525.80   1525.80   1525.80   1525.80
   1525.80   1525.80
     90.00   1524.60   1524.60   1524.60   1524.60   1524.60   1524.60   1524.60   1524.60   1524.60   1524.60   1524.60
   1524.60   1524.60
     95.00   1523.60   1523.60   1523.60   1523.60   1523.60   1523.60   1523.60   1523.60   1523.60   1523.60   1523.60
   1523.60   1523.60
    100.00   1522.80   1522.80   1522.80   1522.80   1522.80   1522.80   1522.80   1522.80   1522.80   1522.80   1522.80
   1522.80   1522.80
    125.00   1518.40   1518.40   1518.40   1518.40   1518.40   1518.40   1518.40   1518.40   1518.40   1518.40   1518.40
   1518.40   1518.40
    150.00   1514.70   1514.70   1514.70   1514.70   1514.70   1514.70   1514.70   1514.70   1514.70   1514.70   1514.70
   1514.70   1514.70
    175.00   1511.60   1511.60   1511.60   1511.60   1511.60   1511.60   1511.60   1511.60   1511.60   1511.60   1511.60
   1511.60   1511.60
    200.00   1508.60   1508.60   1508.60   1508.60   1508.60   1508.60   1508.60   1508.60   1508.60   1508.60   1508.60
   1508.60   1508.60
    225.00   1506.30   1506.30   1506.30   1506.30   1506.30   1506.30   1506.30   1506.30   1506.30   1506.30   1506.30
   1506.30   1506.30
    250.00   1503.90   1503.90   1503.90   1503.90   1503.90   1503.90   1503.90   1503.90   1503.90   1503.90   1503.90
   1503.90   1503.90
    275.00   1501.70   1501.70   1501.70   1501.70   1501.70   1501.70   1501.70   1501.70   1501.70   1501.70   1501.70
   1501.70   1501.70
    300.00   1500.10   1500.10   1500.10   1500.10   1500.10   1500.10   1500.10   1500.10   1500.10   1500.10   1500.10
   1500.10   1500.10
    325.00   1498.60   1498.60   1498.60   1498.60   1498.60   1498.60   1498.60   1498.60   1498.60   1498.60   1498.60
   1498.60   1498.60
    350.00   1497.10   1497.10   1497.10   1497.10   1497.10   1497.10   1497.10   1497.10   1497.10   1497.10   1497.10
   1497.10   1497.10
    375.00   1496.10   1496.10   1496.10   1496.10   1496.10   1496.10   1496.10   1496.10   1496.10   1496.10   1496.10
   1496.10   1496.10
    400.00   1495.20   1495.20   1495.20   1495.20   1495.20   1495.20   1495.20   1495.20   1495.20   1495.20   1495.20
   1495.20   1495.20
    425.00   1494.20   1494.20   1494.20   1494.20   1494.20   1494.20   1494.20   1494.20   1494.20   1494.20   1494.20
   1494.20   1494.20
    450.00   1493.30   1493.30   1493.30   1493.30   1493.30   1493.30   1493.30   1493.30   1493.30   1493.30   1493.30
   1493.30   1493.30
    475.00   1492.50   1492.50   1492.50   1492.50   1492.50   1492.50   1492.50   1492.50   1492.50   1492.50   1492.50
   1492.50   1492.50
    500.00   1491.70   1491.70   1491.70   1491.70   1491.70   1491.70   1491.70   1491.70   1491.70   1491.70   1491.70
   1491.70   1491.70
    550.00   1490.30   1490.30   1490.30   1490.30   1490.30   1490.30   1490.30   1490.30   1490.30   1490.30   1490.30
   1490.30   1490.30
    600.00   1489.50   1489.50   1489.50   1489.50   1489.50   1489.50   1489.50   1489.50   1489.50   1489.50   1489.50
   1489.50   1489.50
    650.00   1488.90   1488.90   1488.90   1488.90   1488.90   1488.90   1488.90   1488.90   1488.90   1488.90   1488.90
   1488.90   1488.90
    700.00   1488.20   1488.20   1488.20   1488.20   1488.20   1488.20   1488.20   1488.20   1488.20   1488.20   1488.20
   1488.20   1488.20
    750.00   1487.50   1487.50   1487.50   1487.50   1487.50   1487.50   1487.50   1487.50   1487.50   1487.50   1487.50
   1487.50   1487.50
    800.00   1486.70   1486.70   1486.70   1486.70   1486.70   1486.70   1486.70   1486.70   1486.70   1486.70   1486.70
   1486.70   1486.70
    850.00   1486.00   1486.00   1486.00   1486.00   1486.00   1486.00   1486.00   1486.00   1486.00   1486.00   1486.00
   1486.00   1486.00
    900.00   1485.30   1485.30   1485.30   1485.30   1485.30   1485.30   1485.30   1485.30   1485.30   1485.30   1485.30
   1485.30   1485.30
    950.00   1484.90   1484.90   1484.90   1484.90   1484.90   1484.90   1484.90   1484.90   1484.90   1484.90   1484.90
   1484.90   1484.90
   1000.00   1484.80   1484.80   1484.80   1484.80   1484.80   1484.80   1484.80   1484.80   1484.80   1484.80   1484.80
   1484.80   1484.80
   1050.00   1484.70   1484.70   1484.70   1484.70   1484.70   1484.70   1484.70   1484.70   1484.70   1484.70   1484.70
   1484.70   1484.70
   1100.00   1484.60   1484.60   1484.60   1484.60   1484.60   1484.60   1484.60   1484.60   1484.60   1484.60   1484.60
   1484.60   1484.60
   1150.00   1484.60   1484.60   1484.60   1484.60   1484.60   1484.60   1484.60   1484.60   1484.60   1484.60   1484.60
   1484.60   1484.60
   1200.00   1484.90   1484.90   1484.90   1484.90   1484.90   1484.90   1484.90   1484.90   1484.90   1484.90   1484.90
   1484.90   1484.90
   1250.00   1484.50   1484.50   1484.50   1484.50   1484.50   1484.50   1484.50   1484.50   1484.50   1484.50   1484.50
   1484.50   1484.50
   1300.00   1485.40   1485.40   1485.40   1485.40   1485.40   1485.40   1485.40   1485.40   1485.40   1485.40   1485.40
   1485.40   1485.40
   1350.00   1486.00   1486.00   1486.00   1486.00   1486.00   1486.00   1486.00   1486.00   1486.00   1486.00   1486.00
   1486.00   1486.00
   1400.00   1486.30   1486.30   1486.30   1486.30   1486.30   1486.30   1486.30   1486.30   1486.30   1486.30   1486.30
   1486.30   1486.30
   1450.00   1486.30   1486.30   1486.30   1486.30   1486.30   1486.30   1486.30   1486.30   1486.30   1486.30   1486.30
   1486.30   1486.30
   1500.00   1486.90   1486.90   1486.90   1486.90   1486.90   1486.90   1486.90   1486.90   1486.90   1486.90   1486.90
   1486.90   1486.90
   1550.00   1487.60   1487.60   1487.60   1487.60   1487.60   1487.60   1487.60   1487.60   1487.60   1487.60   1487.60
   1487.60   1487.60
   1600.00   1488.20   1488.20   1488.20   1488.20   1488.20   1488.20   1488.20   1488.20   1488.20   1488.20   1488.20
   1488.20   1488.20
   1650.00   1488.80   1488.80   1488.80   1488.80   1488.80   1488.80   1488.80   1488.80   1488.80   1488.80   1488.80
   1488.80   1488.80
   1700.00   1489.50   1489.50   1489.50   1489.50   1489.50   1489.50   1489.50   1489.50   1489.50   1489.50   1489.50
   1489.50   1489.50
   1750.00   1490.20   1490.20   1490.20   1490.20   1490.20   1490.20   1490.20   1490.20   1490.20   1490.20   1490.20
   1490.20   1490.20
   1800.00   1490.90   1490.90   1490.90   1490.90   1490.90   1490.90   1490.90   1490.90   1490.90   1490.90   1490.90
   1490.90   1490.90
   1850.00   1491.60   1491.60   1491.60   1491.60   1491.60   1491.60   1491.60   1491.60   1491.60   1491.60   1491.60
   1491.60   1491.60
   1900.00   1492.30   1492.30   1492.30   1492.30   1492.30   1492.30   1492.30   1492.30   1492.30   1492.30   1492.30
   1492.30   1492.30
   1950.00   1493.10   1493.10   1493.10   1493.10   1493.10   1493.10   1493.10   1493.10   1493.10   1493.10   1493.10
   1493.10   1493.10
   2000.00   1493.90   1493.90   1493.90   1493.90   1493.90   1493.90   1493.90   1493.90   1493.90   1493.90   1493.90
   1493.90   1493.90
   2100.00   1495.40   1495.40   1495.40   1495.40   1495.40   1495.40   1495.40   1495.40   1495.40   1495.40   1495.40
   1495.40   1495.40
   2200.00   1496.90   1496.90   1496.90   1496.90   1496.90   1496.90   1496.90   1496.90   1496.90   1496.90   1496.90
   1496.90   1496.90
   2300.00   1498.50   1498.50   1498.50   1498.50   1498.50   1498.50   1498.50   1498.50   1498.50   1498.50   1498.50
   1498.50   1498.50
   2400.00   1500.20   1500.20   1500.20   1500.20   1500.20   1500.20   1500.20   1500.20   1500.20   1500.20   1500.20
   1500.20   1500.20
   2500.00   1501.80   1501.80   1501.80   1501.80   1501.80   1501.80   1501.80   1501.80   1501.80   1501.80   1501.80
   1501.80   1501.80
   2600.00   1503.50   1503.50   1503.50   1503.50   1503.50   1503.50   1503.50   1503.50   1503.50   1503.50   1503.50
   1503.50   1503.50
   2700.00   1505.20   1505.20   1505.20   1505.20   1505.20   1505.20   1505.20   1505.20   1505.20   1505.20   1505.20
   1505.20   1505.20
   2800.00   1506.90   1506.90   1506.90   1506.90   1506.90   1506.90   1506.90   1506.90   1506.90   1506.90   1506.90
   1506.90   1506.90
   2900.00   1508.60   1508.60   1508.60   1508.60   1508.60   1508.60   1508.60   1508.60   1508.60   1508.60   1508.60
   1508.60   1508.60
   3000.00   1510.40   1510.40   1510.40   1510.40   1510.40   1510.40   1510.40   1510.40   1510.40   1510.40   1510.40
   1510.40   1510.40
   3100.00   1512.00   1512.00   1512.00   1512.00   1512.00   1512.00   1512.00   1512.00   1512.00   1512.00   1512.00
   1512.00   1512.00
   3200.00   1513.70   1513.70   1513.70   1513.70   1513.70   1513.70   1513.70   1513.70   1513.70   1513.70   1513.70
   1513.70   1513.70
   3300.00   1515.40   1515.40   1515.40   1515.40   1515.40   1515.40   1515.40   1515.40   1515.40   1515.40   1515.40
   1515.40   1515.40
   3400.00   1517.10   1517.10   1517.10   1517.10   1517.10   1517.10   1517.10   1517.10   1517.10   1517.10   1517.10
   1517.10   1517.10
   3462.00   1518.10   1518.10   1518.10   1518.10   1518.10   1518.10   1518.10   1518.10   1518.10   1518.10   1518.10
   1518.10   1518.10

                                 ( RMS roughness =   0.00     )
     Bathymetry file selected
     FILE used for reflection loss

 __________________________________________________________________________

 Number of Source   depths, Sz =            1
 Source   depths, Sz (m)
   10.0000    


 __________________________________________________________________________

 Number of Receiver depths, Rz =            1
 Receiver depths, Rz (m)
   1000.00    


 __________________________________________________________________________

 Number of Receiver ranges, Rr =            1
 Receiver ranges, Rr (km)
   2.00000    


 Arrivals calculation, ASCII  file output
 Geometric gaussian beams in Cartesian coordinates
 Point source (cylindrical coordinates)
 Rectilinear receiver grid: Receivers at Rr( : ) x Rz( : )
 __________________________________________________________________________

 Number of beams in elevation   =          300
 Beam take-off angles (degrees)
  -90.0000      -89.3980      -88.7960      -88.1940      -87.5920    
  -86.9900      -86.3880      -85.7860      -85.1839      -84.5819    
          ... 
   90.0000    

 __________________________________________________________________________


 Step length,       deltas =   100.0     m

 Maximum ray depth, Box%z  =   3962.     m
 Maximum ray range, Box%r  =   12.00    km
 No beam shift in effect

 __________________________________________________________________________

 Using bottom-bathymetry file
 Piecewise linear interpolation
 Number of bathymetry points =           12

 Short format (bathymetry only)
  Range (km)  Depth (m)
   0.00      0.346E+04
   1.00      0.346E+04
   2.00      0.346E+04
   3.00      0.345E+04
   4.00      0.345E+04
   5.00      0.345E+04
   6.00      0.345E+04
   7.00      0.345E+04
   8.00      0.345E+04
   9.00      0.346E+04
   10.0      0.346E+04
   11.0      0.346E+04
 __________________________________________________________________________

 Using tabulated bottom reflection coef.
 Number of points in bottom reflection coefficient =          901

 ( Maximum # of arrivals =     20000000 )

Tracing beam       1    -90.00

 Geometric Gaussian beams                
 halfwidth  =    467.27060301332386     
 epsilonOpt =  (  0.0000000000000000     ,  68594104.650072411     )
 EpsMult    =    1.0000000000000000     

Tracing beam       7    -86.39
Tracing beam      13    -82.78
Tracing beam      19    -79.16
Tracing beam      25    -75.55
Tracing beam      31    -71.94
Tracing beam      37    -68.33
Tracing beam      43    -64.72
Tracing beam      49    -61.10
Tracing beam      55    -57.49
Tracing beam      61    -53.88
Tracing beam      67    -50.27
Tracing beam      73    -46.66
Tracing beam      79    -43.04
Tracing beam      85    -39.43
Tracing beam      91    -35.82
Tracing beam      97    -32.21
Tracing beam     103    -28.60
Tracing beam     109    -24.98
Tracing beam     115    -21.37
Tracing beam     121    -17.76
Tracing beam     127    -14.15
Tracing beam     133    -10.54
Tracing beam     139     -6.92
Tracing beam     145     -3.31
Tracing beam     151      0.30
Tracing beam     157      3.91
Tracing beam     163      7.53
Tracing beam     169     11.14
Tracing beam     175     14.75
Tracing beam     181     18.36
Tracing beam     187     21.97
Tracing beam     193     25.59
Tracing beam     199     29.20
Tracing beam     205     32.81
Tracing beam     211     36.42
Tracing beam     217     40.03
Tracing beam     223     43.65
Tracing beam     229     47.26
Tracing beam     235     50.87
Tracing beam     241     54.48
Tracing beam     247     58.09
Tracing beam     253     61.71
Tracing beam     259     65.32
Tracing beam     265     68.93
Tracing beam     271     72.54
Tracing beam     277     76.15
Tracing beam     283     79.77
Tracing beam     289     83.38
Tracing beam     295     86.99

 CPU Time =       0.625E-01s
